<?xml version="1.0" encoding="UTF-8"?>
<!-- Generated by org.testng.reporters.JUnitReportReporter -->
<testsuite hostname="LTIN645786" failures="0" tests="1" name="com.irctcFlight.tests.FlightSearchTest" time="27.643" errors="0" timestamp="2025-09-08T12:02:28 IST" skipped="0">
  <testcase classname="com.irctcFlight.tests.FlightSearchTest" name="testFlightSearch" time="27.643"/>
</testsuite> <!-- com.irctcFlight.tests.FlightSearchTest -->
